<?xml version="1.0" encoding="UTF-8"?>
<robot generator="Robot 3.2.2 (Python 3.9.5 on darwin)" generated="20210801 17:49:07.818" rpa="false">
<suite id="s1" name="Tc3" source="/Users/hbo/Desktop/hepsiburada-test/Hepsiburada/HepsiburadaMobileTest/test/tc3.robot">
<test id="s1-t1" name="Search Google with &quot;Google Search&quot; button via Chrome">
<kw name="Open Url With Chrome">
<arguments>
<arg>${HepsiburadaUrl}</arg>
</arguments>
<kw name="Open Url">
<arguments>
<arg>Chrome</arg>
<arg>${url}</arg>
</arguments>
<kw name="Evaluate" library="BuiltIn">
<doc>Evaluates the given expression in Python and returns the result.</doc>
<arguments>
<arg>sys.modules['selenium.webdriver.chrome.options'].Options()</arg>
<arg>sys</arg>
</arguments>
<assign>
<var>${options}</var>
</assign>
<msg timestamp="20210801 17:49:07.909" level="INFO">${options} = &lt;selenium.webdriver.chrome.options.Options object at 0x104191df0&gt;</msg>
<status status="PASS" starttime="20210801 17:49:07.908" endtime="20210801 17:49:07.909"></status>
</kw>
<kw name="Call Method" library="BuiltIn">
<doc>Calls the named method of the given object with the provided arguments.</doc>
<arguments>
<arg>${options}</arg>
<arg>add_argument</arg>
<arg>--disable-notifications</arg>
</arguments>
<status status="PASS" starttime="20210801 17:49:07.909" endtime="20210801 17:49:07.909"></status>
</kw>
<kw name="Create Webdriver" library="SeleniumLibrary">
<doc>Creates an instance of Selenium WebDriver.</doc>
<arguments>
<arg>${browser}</arg>
<arg>options=${options}</arg>
</arguments>
<msg timestamp="20210801 17:49:07.909" level="INFO">Creating an instance of the Chrome WebDriver.</msg>
<status status="PASS" starttime="20210801 17:49:07.909" endtime="20210801 17:49:10.836"></status>
</kw>
<kw name="Maximize Browser Window" library="SeleniumLibrary">
<doc>Maximizes current browser window.</doc>
<status status="PASS" starttime="20210801 17:49:10.836" endtime="20210801 17:49:10.944"></status>
</kw>
<kw name="Go To" library="SeleniumLibrary">
<doc>Navigates the current browser window to the provided ``url``.</doc>
<arguments>
<arg>${url}</arg>
</arguments>
<msg timestamp="20210801 17:49:10.944" level="INFO">Opening url 'https://www.hepsiburada.com'</msg>
<status status="PASS" starttime="20210801 17:49:10.944" endtime="20210801 17:49:14.130"></status>
</kw>
<kw name="Wait For Condition" library="SeleniumLibrary">
<doc>Waits until ``condition`` is true or ``timeout`` expires.</doc>
<arguments>
<arg>return !!document.body</arg>
</arguments>
<status status="PASS" starttime="20210801 17:49:14.130" endtime="20210801 17:49:14.135"></status>
</kw>
<status status="PASS" starttime="20210801 17:49:07.908" endtime="20210801 17:49:14.135"></status>
</kw>
<status status="PASS" starttime="20210801 17:49:07.908" endtime="20210801 17:49:14.135"></status>
</kw>
<kw name="Wait Until Element Is Visible" library="SeleniumLibrary">
<doc>Waits until the element ``locator`` is visible.</doc>
<arguments>
<arg>xpath://input[@class="desktopOldAutosuggestTheme-input"]</arg>
</arguments>
<status status="PASS" starttime="20210801 17:49:14.135" endtime="20210801 17:49:14.148"></status>
</kw>
<kw name="Input Text" library="SeleniumLibrary">
<doc>Types the given ``text`` into the text field identified by ``locator``.</doc>
<arguments>
<arg>xpath://input[@class="desktopOldAutosuggestTheme-input"]</arg>
<arg>Xiaomi</arg>
</arguments>
<msg timestamp="20210801 17:49:14.149" level="INFO">Typing text 'Xiaomi' into text field 'xpath://input[@class="desktopOldAutosuggestTheme-input"]'.</msg>
<status status="PASS" starttime="20210801 17:49:14.148" endtime="20210801 17:49:14.252"></status>
</kw>
<kw name="Sleep" library="BuiltIn">
<doc>Pauses the test executed for the given time.</doc>
<arguments>
<arg>3s</arg>
</arguments>
<msg timestamp="20210801 17:49:17.253" level="INFO">Slept 3 seconds</msg>
<status status="PASS" starttime="20210801 17:49:14.252" endtime="20210801 17:49:17.253"></status>
</kw>
<kw name="Click Element" library="SeleniumLibrary">
<doc>Click the element identified by ``locator``.</doc>
<arguments>
<arg>xpath://div[@class="SearchBoxOld-buttonContainer"]</arg>
</arguments>
<msg timestamp="20210801 17:49:17.253" level="INFO">Clicking element 'xpath://div[@class="SearchBoxOld-buttonContainer"]'.</msg>
<status status="PASS" starttime="20210801 17:49:17.253" endtime="20210801 17:49:17.327"></status>
</kw>
<kw name="Sleep" library="BuiltIn">
<doc>Pauses the test executed for the given time.</doc>
<arguments>
<arg>10s</arg>
</arguments>
<msg timestamp="20210801 17:49:27.328" level="INFO">Slept 10 seconds</msg>
<status status="PASS" starttime="20210801 17:49:17.327" endtime="20210801 17:49:27.328"></status>
</kw>
<kw name="Wait Until Element Is Visible" library="SeleniumLibrary">
<doc>Waits until the element ``locator`` is visible.</doc>
<arguments>
<arg>xpath://a[@sorttag="coksatan"]</arg>
</arguments>
<status status="PASS" starttime="20210801 17:49:27.328" endtime="20210801 17:49:27.370"></status>
</kw>
<kw name="Click Element" library="SeleniumLibrary">
<doc>Click the element identified by ``locator``.</doc>
<arguments>
<arg>xpath://h3[contains(@class, 'product-title') and contains(@class, 'title')][1]</arg>
</arguments>
<msg timestamp="20210801 17:49:27.371" level="INFO">Clicking element 'xpath://h3[contains(@class, 'product-title') and contains(@class, 'title')][1]'.</msg>
<status status="PASS" starttime="20210801 17:49:27.370" endtime="20210801 17:49:29.084"></status>
</kw>
<kw name="Wait Until Element Is Visible" library="SeleniumLibrary">
<doc>Waits until the element ``locator`` is visible.</doc>
<arguments>
<arg>xpath://span[@class="addToCartButton"]</arg>
</arguments>
<status status="PASS" starttime="20210801 17:49:29.084" endtime="20210801 17:49:29.116"></status>
</kw>
<kw name="Click Element" library="SeleniumLibrary">
<doc>Click the element identified by ``locator``.</doc>
<arguments>
<arg>xpath://span[@class="addToCartButton"]</arg>
</arguments>
<msg timestamp="20210801 17:49:29.116" level="INFO">Clicking element 'xpath://span[@class="addToCartButton"]'.</msg>
<status status="PASS" starttime="20210801 17:49:29.116" endtime="20210801 17:49:29.206"></status>
</kw>
<kw name="Wait Until Element Is Visible" library="SeleniumLibrary">
<doc>Waits until the element ``locator`` is visible.</doc>
<arguments>
<arg>xpath://*[contains(text(), 'Alışverişe devam et')]</arg>
</arguments>
<status status="PASS" starttime="20210801 17:49:29.206" endtime="20210801 17:49:32.223"></status>
</kw>
<kw name="Click Element" library="SeleniumLibrary">
<doc>Click the element identified by ``locator``.</doc>
<arguments>
<arg>xpath://*[contains(text(), 'Sepete git')]</arg>
</arguments>
<msg timestamp="20210801 17:49:32.223" level="INFO">Clicking element 'xpath://*[contains(text(), 'Sepete git')]'.</msg>
<status status="PASS" starttime="20210801 17:49:32.223" endtime="20210801 17:49:33.062"></status>
</kw>
<kw name="Sleep" library="BuiltIn">
<doc>Pauses the test executed for the given time.</doc>
<arguments>
<arg>2s</arg>
</arguments>
<msg timestamp="20210801 17:49:35.063" level="INFO">Slept 2 seconds</msg>
<status status="PASS" starttime="20210801 17:49:33.062" endtime="20210801 17:49:35.063"></status>
</kw>
<kw name="Wait Until Element Is Visible" library="SeleniumLibrary">
<doc>Waits until the element ``locator`` is visible.</doc>
<arguments>
<arg>xpath://h1[contains(text(), 'Sepetim')]</arg>
</arguments>
<status status="PASS" starttime="20210801 17:49:35.063" endtime="20210801 17:49:35.087"></status>
</kw>
<kw name="Sleep" library="BuiltIn">
<doc>Pauses the test executed for the given time.</doc>
<arguments>
<arg>2s</arg>
</arguments>
<msg timestamp="20210801 17:49:37.089" level="INFO">Slept 2 seconds</msg>
<status status="PASS" starttime="20210801 17:49:35.087" endtime="20210801 17:49:37.090"></status>
</kw>
<kw name="Close Browser" library="SeleniumLibrary">
<doc>Closes the current browser.</doc>
<status status="PASS" starttime="20210801 17:49:37.091" endtime="20210801 17:49:37.207"></status>
</kw>
<kw name="Close Browser" library="SeleniumLibrary" type="teardown">
<doc>Closes the current browser.</doc>
<status status="PASS" starttime="20210801 17:49:37.207" endtime="20210801 17:49:37.207"></status>
</kw>
<status status="PASS" starttime="20210801 17:49:07.908" endtime="20210801 17:49:37.207" critical="yes"></status>
</test>
<doc>Search Google</doc>
<status status="PASS" starttime="20210801 17:49:07.819" endtime="20210801 17:49:37.208"></status>
</suite>
<statistics>
<total>
<stat pass="1" fail="0">Critical Tests</stat>
<stat pass="1" fail="0">All Tests</stat>
</total>
<tag>
</tag>
<suite>
<stat pass="1" fail="0" id="s1" name="Tc3">Tc3</stat>
</suite>
</statistics>
<errors>
</errors>
</robot>
