<?xml version="1.0" encoding="UTF-8"?>
<robot generator="Robot 3.2.2 (Python 3.9.5 on darwin)" generated="20210801 03:15:27.918" rpa="false">
<suite id="s1" name="HepsiburadaMobileTest" source="/Users/hbo/Desktop/hepsiburada-test/Hepsiburada/HepsiburadaMobileTest">
<suite id="s1-s1" name="Test" source="/Users/hbo/Desktop/hepsiburada-test/Hepsiburada/HepsiburadaMobileTest/test">
<suite id="s1-s1-s1" name="Tc2" source="/Users/hbo/Desktop/hepsiburada-test/Hepsiburada/HepsiburadaMobileTest/test/tc2.robot">
<test id="s1-s1-s1-t1" name="Network Connection Open">
<kw name="Set Appium Timeout" library="AppiumLibrary">
<doc>Sets the timeout in seconds used by various keywords.</doc>
<arguments>
<arg>30s</arg>
</arguments>
<status status="PASS" starttime="20210801 03:15:28.095" endtime="20210801 03:15:28.095"></status>
</kw>
<kw name="Open the application" library="base">
<kw name="Open the application" library="connection">
<kw name="Open Application" library="AppiumLibrary">
<doc>Opens a new application to given Appium server.
Capabilities of appium server, Android and iOS,
Please check https://github.com/appium/appium/blob/master/docs/en/writing-running-appium/server-args.md
| *Option*            | *Man.* | *Description*     |
| remote_url          | Yes    | Appium server url |
| alias               | no     | alias             |</doc>
<arguments>
<arg>${APPIUM_SERVER}</arg>
<arg>platformName=${ANDROID_PLAT_NAME}</arg>
<arg>platformVersion = ${ANDROID_PLAT_VER}</arg>
<arg>deviceName=${DEVICE_NAME}</arg>
<arg>appPackage=${PACKAGE_NAME}</arg>
<arg>appActivity=${ACTIVITY_NAME}</arg>
<arg>noReset=True</arg>
<arg>adbExecTimeout=3000</arg>
</arguments>
<status status="PASS" starttime="20210801 03:15:28.095" endtime="20210801 03:15:37.599"></status>
</kw>
<status status="PASS" starttime="20210801 03:15:28.095" endtime="20210801 03:15:37.600"></status>
</kw>
<status status="PASS" starttime="20210801 03:15:28.095" endtime="20210801 03:15:37.600"></status>
</kw>
<kw name="Wait Until Page Contains" library="AppiumLibrary">
<doc>Waits until `text` appears on current page.</doc>
<arguments>
<arg>${ProductAndCategoryText}</arg>
</arguments>
<status status="PASS" starttime="20210801 03:15:37.601" endtime="20210801 03:15:40.525"></status>
</kw>
<kw name="Click Element" library="AppiumLibrary">
<doc>Click element identified by `locator`.</doc>
<arguments>
<arg>${AccountLocator}</arg>
</arguments>
<msg timestamp="20210801 03:15:40.529" level="INFO">Clicking element 'id=account_icon'.</msg>
<status status="PASS" starttime="20210801 03:15:40.526" endtime="20210801 03:15:41.863"></status>
</kw>
<kw name="Wait Until Page Contains" library="AppiumLibrary">
<doc>Waits until `text` appears on current page.</doc>
<arguments>
<arg>${LoginText}</arg>
</arguments>
<status status="PASS" starttime="20210801 03:15:41.863" endtime="20210801 03:15:43.194"></status>
</kw>
<kw name="Click Text" library="AppiumLibrary">
<doc>Click text identified by ``text``.</doc>
<arguments>
<arg>${LoginText}</arg>
</arguments>
<status status="PASS" starttime="20210801 03:15:43.194" endtime="20210801 03:15:43.928"></status>
</kw>
<kw name="Wait Until Page Contains" library="AppiumLibrary">
<doc>Waits until `text` appears on current page.</doc>
<arguments>
<arg>${SignUpText}</arg>
</arguments>
<status status="PASS" starttime="20210801 03:15:43.929" endtime="20210801 03:15:48.756"></status>
</kw>
<kw name="Sleep" library="BuiltIn">
<doc>Pauses the test executed for the given time.</doc>
<arguments>
<arg>6s</arg>
</arguments>
<msg timestamp="20210801 03:15:54.760" level="INFO">Slept 6 seconds</msg>
<status status="PASS" starttime="20210801 03:15:48.757" endtime="20210801 03:15:54.760"></status>
</kw>
<kw name="Input Text" library="AppiumLibrary">
<doc>Types the given `text` into text field identified by `locator`.</doc>
<arguments>
<arg>${EmailLocator}</arg>
<arg>test@gmail.com</arg>
</arguments>
<msg timestamp="20210801 03:15:54.779" level="INFO">Typing text 'test@gmail.com' into text field 'xpath=/hierarchy/android.widget.FrameLayout/android.widget.LinearLayout/android.widget.FrameLayout/android.widget.LinearLayout/android.widget.FrameLayout/android.view.ViewGroup/android.view.ViewGroup/androidx.cardview.widget.CardView/android.widget.ScrollView/android.view.ViewGroup/android.webkit.WebView/android.webkit.WebView/android.view.View/android.view.View[1]/android.view.View[3]/android.view.View[1]/android.widget.EditText'</msg>
<status status="PASS" starttime="20210801 03:15:54.760" endtime="20210801 03:15:54.983"></status>
</kw>
<kw name="Input Text" library="AppiumLibrary">
<doc>Types the given `text` into text field identified by `locator`.</doc>
<arguments>
<arg>${PasswordLocator}</arg>
<arg>password</arg>
</arguments>
<msg timestamp="20210801 03:15:54.984" level="INFO">Typing text 'password' into text field 'xpath=/hierarchy/android.widget.FrameLayout/android.widget.LinearLayout/android.widget.FrameLayout/android.widget.LinearLayout/android.widget.FrameLayout/android.view.ViewGroup/android.view.ViewGroup/androidx.cardview.widget.CardView/android.widget.ScrollView/android.view.ViewGroup/android.webkit.WebView/android.webkit.WebView/android.view.View/android.view.View[1]/android.view.View[3]/android.view.View[2]/android.widget.EditText'</msg>
<status status="PASS" starttime="20210801 03:15:54.983" endtime="20210801 03:15:55.099"></status>
</kw>
<kw name="Sleep" library="BuiltIn">
<doc>Pauses the test executed for the given time.</doc>
<arguments>
<arg>2s</arg>
</arguments>
<msg timestamp="20210801 03:15:57.101" level="INFO">Slept 2 seconds</msg>
<status status="PASS" starttime="20210801 03:15:55.099" endtime="20210801 03:15:57.102"></status>
</kw>
<kw name="Screenshot" library="base" type="teardown">
<kw name="Run Keyword And Ignore Error" library="BuiltIn">
<doc>Runs the given keyword with the given arguments and ignores possible error.</doc>
<arguments>
<arg>connection.Screenshot</arg>
</arguments>
<kw name="Screenshot" library="connection">
<kw name="Capture Page Screenshot" library="AppiumLibrary">
<doc>Takes a screenshot of the current page and embeds it into the log.</doc>
<msg timestamp="20210801 03:15:57.628" level="INFO" html="yes">&lt;/td&gt;&lt;/tr&gt;&lt;tr&gt;&lt;td colspan="3"&gt;&lt;a href="appium-screenshot-1.png"&gt;&lt;img src="appium-screenshot-1.png" width="800px"&gt;&lt;/a&gt;</msg>
<status status="PASS" starttime="20210801 03:15:57.104" endtime="20210801 03:15:57.628"></status>
</kw>
<status status="PASS" starttime="20210801 03:15:57.103" endtime="20210801 03:15:57.628"></status>
</kw>
<status status="PASS" starttime="20210801 03:15:57.103" endtime="20210801 03:15:57.628"></status>
</kw>
<status status="PASS" starttime="20210801 03:15:57.102" endtime="20210801 03:15:57.628"></status>
</kw>
<tags>
<tag>Sepete Ekleme İşlemi</tag>
</tags>
<status status="PASS" starttime="20210801 03:15:28.094" endtime="20210801 03:15:57.628" critical="yes"></status>
</test>
<status status="PASS" starttime="20210801 03:15:28.014" endtime="20210801 03:15:57.629"></status>
</suite>
<status status="PASS" starttime="20210801 03:15:28.013" endtime="20210801 03:15:57.630"></status>
</suite>
<status status="PASS" starttime="20210801 03:15:28.000" endtime="20210801 03:15:57.631"></status>
</suite>
<statistics>
<total>
<stat pass="1" fail="0">Critical Tests</stat>
<stat pass="1" fail="0">All Tests</stat>
</total>
<tag>
<stat pass="1" fail="0">Sepete Ekleme İşlemi</stat>
</tag>
<suite>
<stat pass="1" fail="0" id="s1" name="HepsiburadaMobileTest">HepsiburadaMobileTest</stat>
<stat pass="1" fail="0" id="s1-s1" name="Test">HepsiburadaMobileTest.Test</stat>
<stat pass="1" fail="0" id="s1-s1-s1" name="Tc2">HepsiburadaMobileTest.Test.Tc2</stat>
</suite>
</statistics>
<errors>
</errors>
</robot>
