<?xml version="1.0" encoding="UTF-8"?>
<robot generator="Robot 3.2.2 (Python 3.9.5 on darwin)" generated="20210801 01:25:26.460" rpa="false">
<suite id="s1" name="Hepsiburada" source="/Users/hbo/Desktop/hepsiburada-test/Hepsiburada">
<suite id="s1-s1" name="Test" source="/Users/hbo/Desktop/hepsiburada-test/Hepsiburada/test">
<suite id="s1-s1-s1" name="Tc1" source="/Users/hbo/Desktop/hepsiburada-test/Hepsiburada/test/tc1.robot">
<test id="s1-s1-s1-t1" name="Network Connection Open">
<kw name="Set Appium Timeout" library="AppiumLibrary">
<doc>Sets the timeout in seconds used by various keywords.</doc>
<arguments>
<arg>30s</arg>
</arguments>
<status status="PASS" starttime="20210801 01:25:26.607" endtime="20210801 01:25:26.608"></status>
</kw>
<kw name="Open the application" library="base">
<kw name="Open the application" library="connection">
<kw name="Open Application" library="AppiumLibrary">
<doc>Opens a new application to given Appium server.
Capabilities of appium server, Android and iOS,
Please check https://github.com/appium/appium/blob/master/docs/en/writing-running-appium/server-args.md
| *Option*            | *Man.* | *Description*     |
| remote_url          | Yes    | Appium server url |
| alias               | no     | alias             |</doc>
<arguments>
<arg>${APPIUM_SERVER}</arg>
<arg>platformName=${ANDROID_PLAT_NAME}</arg>
<arg>platformVersion = ${ANDROID_PLAT_VER}</arg>
<arg>deviceName=${DEVICE_NAME}</arg>
<arg>appPackage=${PACKAGE_NAME}</arg>
<arg>appActivity=${ACTIVITY_NAME}</arg>
<arg>noReset=True</arg>
<arg>adbExecTimeout=3000</arg>
</arguments>
<status status="PASS" starttime="20210801 01:25:26.608" endtime="20210801 01:25:34.042"></status>
</kw>
<status status="PASS" starttime="20210801 01:25:26.608" endtime="20210801 01:25:34.043"></status>
</kw>
<status status="PASS" starttime="20210801 01:25:26.608" endtime="20210801 01:25:34.043"></status>
</kw>
<kw name="Wait Until Page Contains" library="AppiumLibrary">
<doc>Waits until `text` appears on current page.</doc>
<arguments>
<arg>Ürün, kategori</arg>
</arguments>
<status status="PASS" starttime="20210801 01:25:34.044" endtime="20210801 01:25:36.725"></status>
</kw>
<kw name="Click Text" library="AppiumLibrary">
<doc>Click text identified by ``text``.</doc>
<arguments>
<arg>${CategoriesText}</arg>
</arguments>
<status status="PASS" starttime="20210801 01:25:36.725" endtime="20210801 01:25:39.956"></status>
</kw>
<kw name="Wait Until Page Contains" library="AppiumLibrary">
<doc>Waits until `text` appears on current page.</doc>
<arguments>
<arg>${SpecialForYouText}</arg>
</arguments>
<status status="PASS" starttime="20210801 01:25:39.957" endtime="20210801 01:25:40.233"></status>
</kw>
<kw name="Scroll To Contains">
<arguments>
<arg>${BookMenuText}</arg>
<arg>down</arg>
</arguments>
<kw name="Run Keyword And Ignore Error" library="BuiltIn">
<doc>Runs the given keyword with the given arguments and ignores possible error.</doc>
<arguments>
<arg>Kw Wait Until Contains</arg>
<arg>${contains}</arg>
<arg>1s</arg>
</arguments>
<assign>
<var>${visibleElement}</var>
<var>${aa}</var>
</assign>
<kw name="Kw Wait Until Contains">
<arguments>
<arg>${contains}</arg>
<arg>1s</arg>
</arguments>
<kw name="Wait Until Page Contains" library="AppiumLibrary">
<doc>Waits until `text` appears on current page.</doc>
<arguments>
<arg>${contains}</arg>
<arg>timeout=${timeout}</arg>
</arguments>
<kw name="Capture Page Screenshot" library="AppiumLibrary">
<doc>Takes a screenshot of the current page and embeds it into the log.</doc>
<msg timestamp="20210801 01:25:42.294" level="INFO" html="yes">&lt;/td&gt;&lt;/tr&gt;&lt;tr&gt;&lt;td colspan="3"&gt;&lt;a href="appium-screenshot-1.png"&gt;&lt;img src="appium-screenshot-1.png" width="800px"&gt;&lt;/a&gt;</msg>
<status status="PASS" starttime="20210801 01:25:41.625" endtime="20210801 01:25:42.294"></status>
</kw>
<msg timestamp="20210801 01:25:42.295" level="FAIL">Text 'Kitap' did not appear in 1 second</msg>
<status status="FAIL" starttime="20210801 01:25:40.235" endtime="20210801 01:25:42.295"></status>
</kw>
<status status="FAIL" starttime="20210801 01:25:40.234" endtime="20210801 01:25:42.296"></status>
</kw>
<msg timestamp="20210801 01:25:42.296" level="INFO">${visibleElement} = FAIL</msg>
<msg timestamp="20210801 01:25:42.296" level="INFO">${aa} = Text 'Kitap' did not appear in 1 second</msg>
<status status="PASS" starttime="20210801 01:25:40.234" endtime="20210801 01:25:42.296"></status>
</kw>
<kw name="Run Keyword If" library="BuiltIn">
<doc>Runs the given keyword with the given arguments, if ``condition`` is true.</doc>
<arguments>
<arg>"${visibleElement}" == "FAIL"</arg>
<arg>Loop Scroll Contains</arg>
<arg>${contains}</arg>
<arg>${direction}</arg>
</arguments>
<kw name="Loop Scroll Contains">
<arguments>
<arg>${contains}</arg>
<arg>${direction}</arg>
</arguments>
<kw name="${i} IN RANGE [ 5 ]" type="for">
<kw name="${i} = 0" type="foritem">
<kw name="Run Keyword If" library="BuiltIn">
<doc>Runs the given keyword with the given arguments, if ``condition`` is true.</doc>
<arguments>
<arg>"${direction}" == "down"</arg>
<arg>Scroll Down Big</arg>
</arguments>
<kw name="Scroll Down Big">
<kw name="Swipe By Percent" library="AppiumLibrary">
<doc>Swipe from one percent of the screen to another percent, for an optional duration.
Normal swipe fails to scale for different screen resolutions, this can be avoided using percent.</doc>
<arguments>
<arg>5</arg>
<arg>60</arg>
<arg>5</arg>
<arg>20</arg>
<arg>1000</arg>
</arguments>
<status status="PASS" starttime="20210801 01:25:42.300" endtime="20210801 01:25:43.622"></status>
</kw>
<status status="PASS" starttime="20210801 01:25:42.299" endtime="20210801 01:25:43.623"></status>
</kw>
<status status="PASS" starttime="20210801 01:25:42.299" endtime="20210801 01:25:43.623"></status>
</kw>
<kw name="Run Keyword If" library="BuiltIn">
<doc>Runs the given keyword with the given arguments, if ``condition`` is true.</doc>
<arguments>
<arg>"${direction}" == "up"</arg>
<arg>Up Scroll</arg>
</arguments>
<status status="PASS" starttime="20210801 01:25:43.623" endtime="20210801 01:25:43.625"></status>
</kw>
<kw name="Run Keyword And Ignore Error" library="BuiltIn">
<doc>Runs the given keyword with the given arguments and ignores possible error.</doc>
<arguments>
<arg>Kw Wait Until Contains</arg>
<arg>${contains}</arg>
<arg>1s</arg>
</arguments>
<assign>
<var>${visibleElement}</var>
<var>${aa}</var>
</assign>
<kw name="Kw Wait Until Contains">
<arguments>
<arg>${contains}</arg>
<arg>1s</arg>
</arguments>
<kw name="Wait Until Page Contains" library="AppiumLibrary">
<doc>Waits until `text` appears on current page.</doc>
<arguments>
<arg>${contains}</arg>
<arg>timeout=${timeout}</arg>
</arguments>
<kw name="Capture Page Screenshot" library="AppiumLibrary">
<doc>Takes a screenshot of the current page and embeds it into the log.</doc>
<msg timestamp="20210801 01:25:45.844" level="INFO" html="yes">&lt;/td&gt;&lt;/tr&gt;&lt;tr&gt;&lt;td colspan="3"&gt;&lt;a href="appium-screenshot-2.png"&gt;&lt;img src="appium-screenshot-2.png" width="800px"&gt;&lt;/a&gt;</msg>
<status status="PASS" starttime="20210801 01:25:45.150" endtime="20210801 01:25:45.845"></status>
</kw>
<msg timestamp="20210801 01:25:45.845" level="FAIL">Text 'Kitap' did not appear in 1 second</msg>
<status status="FAIL" starttime="20210801 01:25:43.626" endtime="20210801 01:25:45.845"></status>
</kw>
<status status="FAIL" starttime="20210801 01:25:43.626" endtime="20210801 01:25:45.846"></status>
</kw>
<msg timestamp="20210801 01:25:45.846" level="INFO">${visibleElement} = FAIL</msg>
<msg timestamp="20210801 01:25:45.846" level="INFO">${aa} = Text 'Kitap' did not appear in 1 second</msg>
<status status="PASS" starttime="20210801 01:25:43.625" endtime="20210801 01:25:45.846"></status>
</kw>
<kw name="Exit For Loop If" library="BuiltIn">
<doc>Stops executing the enclosing for loop if the ``condition`` is true.</doc>
<arguments>
<arg>"${visibleElement}" == "PASS"</arg>
</arguments>
<status status="PASS" starttime="20210801 01:25:45.847" endtime="20210801 01:25:45.847"></status>
</kw>
<status status="PASS" starttime="20210801 01:25:42.299" endtime="20210801 01:25:45.848"></status>
</kw>
<kw name="${i} = 1" type="foritem">
<kw name="Run Keyword If" library="BuiltIn">
<doc>Runs the given keyword with the given arguments, if ``condition`` is true.</doc>
<arguments>
<arg>"${direction}" == "down"</arg>
<arg>Scroll Down Big</arg>
</arguments>
<kw name="Scroll Down Big">
<kw name="Swipe By Percent" library="AppiumLibrary">
<doc>Swipe from one percent of the screen to another percent, for an optional duration.
Normal swipe fails to scale for different screen resolutions, this can be avoided using percent.</doc>
<arguments>
<arg>5</arg>
<arg>60</arg>
<arg>5</arg>
<arg>20</arg>
<arg>1000</arg>
</arguments>
<status status="PASS" starttime="20210801 01:25:45.849" endtime="20210801 01:25:47.199"></status>
</kw>
<status status="PASS" starttime="20210801 01:25:45.849" endtime="20210801 01:25:47.200"></status>
</kw>
<status status="PASS" starttime="20210801 01:25:45.848" endtime="20210801 01:25:47.200"></status>
</kw>
<kw name="Run Keyword If" library="BuiltIn">
<doc>Runs the given keyword with the given arguments, if ``condition`` is true.</doc>
<arguments>
<arg>"${direction}" == "up"</arg>
<arg>Up Scroll</arg>
</arguments>
<status status="PASS" starttime="20210801 01:25:47.201" endtime="20210801 01:25:47.207"></status>
</kw>
<kw name="Run Keyword And Ignore Error" library="BuiltIn">
<doc>Runs the given keyword with the given arguments and ignores possible error.</doc>
<arguments>
<arg>Kw Wait Until Contains</arg>
<arg>${contains}</arg>
<arg>1s</arg>
</arguments>
<assign>
<var>${visibleElement}</var>
<var>${aa}</var>
</assign>
<kw name="Kw Wait Until Contains">
<arguments>
<arg>${contains}</arg>
<arg>1s</arg>
</arguments>
<kw name="Wait Until Page Contains" library="AppiumLibrary">
<doc>Waits until `text` appears on current page.</doc>
<arguments>
<arg>${contains}</arg>
<arg>timeout=${timeout}</arg>
</arguments>
<kw name="Capture Page Screenshot" library="AppiumLibrary">
<doc>Takes a screenshot of the current page and embeds it into the log.</doc>
<msg timestamp="20210801 01:25:48.945" level="INFO" html="yes">&lt;/td&gt;&lt;/tr&gt;&lt;tr&gt;&lt;td colspan="3"&gt;&lt;a href="appium-screenshot-3.png"&gt;&lt;img src="appium-screenshot-3.png" width="800px"&gt;&lt;/a&gt;</msg>
<status status="PASS" starttime="20210801 01:25:48.223" endtime="20210801 01:25:48.945"></status>
</kw>
<msg timestamp="20210801 01:25:48.946" level="FAIL">Text 'Kitap' did not appear in 1 second</msg>
<status status="FAIL" starttime="20210801 01:25:47.208" endtime="20210801 01:25:48.946"></status>
</kw>
<status status="FAIL" starttime="20210801 01:25:47.208" endtime="20210801 01:25:48.946"></status>
</kw>
<msg timestamp="20210801 01:25:48.946" level="INFO">${visibleElement} = FAIL</msg>
<msg timestamp="20210801 01:25:48.946" level="INFO">${aa} = Text 'Kitap' did not appear in 1 second</msg>
<status status="PASS" starttime="20210801 01:25:47.207" endtime="20210801 01:25:48.946"></status>
</kw>
<kw name="Exit For Loop If" library="BuiltIn">
<doc>Stops executing the enclosing for loop if the ``condition`` is true.</doc>
<arguments>
<arg>"${visibleElement}" == "PASS"</arg>
</arguments>
<status status="PASS" starttime="20210801 01:25:48.947" endtime="20210801 01:25:48.947"></status>
</kw>
<status status="PASS" starttime="20210801 01:25:45.848" endtime="20210801 01:25:48.947"></status>
</kw>
<kw name="${i} = 2" type="foritem">
<kw name="Run Keyword If" library="BuiltIn">
<doc>Runs the given keyword with the given arguments, if ``condition`` is true.</doc>
<arguments>
<arg>"${direction}" == "down"</arg>
<arg>Scroll Down Big</arg>
</arguments>
<kw name="Scroll Down Big">
<kw name="Swipe By Percent" library="AppiumLibrary">
<doc>Swipe from one percent of the screen to another percent, for an optional duration.
Normal swipe fails to scale for different screen resolutions, this can be avoided using percent.</doc>
<arguments>
<arg>5</arg>
<arg>60</arg>
<arg>5</arg>
<arg>20</arg>
<arg>1000</arg>
</arguments>
<status status="PASS" starttime="20210801 01:25:48.948" endtime="20210801 01:25:50.282"></status>
</kw>
<status status="PASS" starttime="20210801 01:25:48.948" endtime="20210801 01:25:50.283"></status>
</kw>
<status status="PASS" starttime="20210801 01:25:48.947" endtime="20210801 01:25:50.283"></status>
</kw>
<kw name="Run Keyword If" library="BuiltIn">
<doc>Runs the given keyword with the given arguments, if ``condition`` is true.</doc>
<arguments>
<arg>"${direction}" == "up"</arg>
<arg>Up Scroll</arg>
</arguments>
<status status="PASS" starttime="20210801 01:25:50.284" endtime="20210801 01:25:50.287"></status>
</kw>
<kw name="Run Keyword And Ignore Error" library="BuiltIn">
<doc>Runs the given keyword with the given arguments and ignores possible error.</doc>
<arguments>
<arg>Kw Wait Until Contains</arg>
<arg>${contains}</arg>
<arg>1s</arg>
</arguments>
<assign>
<var>${visibleElement}</var>
<var>${aa}</var>
</assign>
<kw name="Kw Wait Until Contains">
<arguments>
<arg>${contains}</arg>
<arg>1s</arg>
</arguments>
<kw name="Wait Until Page Contains" library="AppiumLibrary">
<doc>Waits until `text` appears on current page.</doc>
<arguments>
<arg>${contains}</arg>
<arg>timeout=${timeout}</arg>
</arguments>
<status status="PASS" starttime="20210801 01:25:50.288" endtime="20210801 01:25:51.269"></status>
</kw>
<status status="PASS" starttime="20210801 01:25:50.288" endtime="20210801 01:25:51.269"></status>
</kw>
<msg timestamp="20210801 01:25:51.270" level="INFO">${visibleElement} = PASS</msg>
<msg timestamp="20210801 01:25:51.270" level="INFO">${aa} = test</msg>
<status status="PASS" starttime="20210801 01:25:50.287" endtime="20210801 01:25:51.270"></status>
</kw>
<kw name="Exit For Loop If" library="BuiltIn">
<doc>Stops executing the enclosing for loop if the ``condition`` is true.</doc>
<arguments>
<arg>"${visibleElement}" == "PASS"</arg>
</arguments>
<msg timestamp="20210801 01:25:51.271" level="INFO">Exiting for loop altogether.</msg>
<status status="PASS" starttime="20210801 01:25:51.271" endtime="20210801 01:25:51.272"></status>
</kw>
<status status="PASS" starttime="20210801 01:25:48.947" endtime="20210801 01:25:51.272"></status>
</kw>
<status status="PASS" starttime="20210801 01:25:42.299" endtime="20210801 01:25:51.272"></status>
</kw>
<status status="PASS" starttime="20210801 01:25:42.298" endtime="20210801 01:25:51.272"></status>
</kw>
<status status="PASS" starttime="20210801 01:25:42.297" endtime="20210801 01:25:51.273"></status>
</kw>
<status status="PASS" starttime="20210801 01:25:40.234" endtime="20210801 01:25:51.273"></status>
</kw>
<kw name="Click Text" library="AppiumLibrary">
<doc>Click text identified by ``text``.</doc>
<arguments>
<arg>${BookMenuText}</arg>
</arguments>
<status status="PASS" starttime="20210801 01:25:51.273" endtime="20210801 01:25:53.403"></status>
</kw>
<kw name="Wait Until Page Contains" library="AppiumLibrary">
<doc>Waits until `text` appears on current page.</doc>
<arguments>
<arg>${BookAndMagazineText}</arg>
</arguments>
<status status="PASS" starttime="20210801 01:25:53.404" endtime="20210801 01:25:53.902"></status>
</kw>
<kw name="Click Text" library="AppiumLibrary">
<doc>Click text identified by ``text``.</doc>
<arguments>
<arg>${BestSellerText}</arg>
</arguments>
<status status="PASS" starttime="20210801 01:25:53.902" endtime="20210801 01:25:54.434"></status>
</kw>
<kw name="Wait Until Page Contains" library="AppiumLibrary">
<doc>Waits until `text` appears on current page.</doc>
<arguments>
<arg>${SortbyText}</arg>
</arguments>
<status status="PASS" starttime="20210801 01:25:54.435" endtime="20210801 01:25:57.229"></status>
</kw>
<kw name="Scroll To Contains">
<arguments>
<arg>${AddtoCartText}</arg>
<arg>down</arg>
</arguments>
<kw name="Run Keyword And Ignore Error" library="BuiltIn">
<doc>Runs the given keyword with the given arguments and ignores possible error.</doc>
<arguments>
<arg>Kw Wait Until Contains</arg>
<arg>${contains}</arg>
<arg>1s</arg>
</arguments>
<assign>
<var>${visibleElement}</var>
<var>${aa}</var>
</assign>
<kw name="Kw Wait Until Contains">
<arguments>
<arg>${contains}</arg>
<arg>1s</arg>
</arguments>
<kw name="Wait Until Page Contains" library="AppiumLibrary">
<doc>Waits until `text` appears on current page.</doc>
<arguments>
<arg>${contains}</arg>
<arg>timeout=${timeout}</arg>
</arguments>
<status status="PASS" starttime="20210801 01:25:57.233" endtime="20210801 01:25:57.360"></status>
</kw>
<status status="PASS" starttime="20210801 01:25:57.232" endtime="20210801 01:25:57.361"></status>
</kw>
<msg timestamp="20210801 01:25:57.361" level="INFO">${visibleElement} = PASS</msg>
<msg timestamp="20210801 01:25:57.361" level="INFO">${aa} = test</msg>
<status status="PASS" starttime="20210801 01:25:57.232" endtime="20210801 01:25:57.361"></status>
</kw>
<kw name="Run Keyword If" library="BuiltIn">
<doc>Runs the given keyword with the given arguments, if ``condition`` is true.</doc>
<arguments>
<arg>"${visibleElement}" == "FAIL"</arg>
<arg>Loop Scroll Contains</arg>
<arg>${contains}</arg>
<arg>${direction}</arg>
</arguments>
<status status="PASS" starttime="20210801 01:25:57.362" endtime="20210801 01:25:57.362"></status>
</kw>
<status status="PASS" starttime="20210801 01:25:57.230" endtime="20210801 01:25:57.363"></status>
</kw>
<kw name="Click Text" library="AppiumLibrary">
<doc>Click text identified by ``text``.</doc>
<arguments>
<arg>${AddtoCartText}</arg>
</arguments>
<status status="PASS" starttime="20210801 01:25:57.363" endtime="20210801 01:25:58.124"></status>
</kw>
<kw name="Wait Until Page Does Not Contain" library="AppiumLibrary">
<doc>Waits until `text` disappears from current page.</doc>
<arguments>
<arg>${TheProductHasBeenSuccessfullyAddedtoTheCartText}</arg>
</arguments>
<status status="PASS" starttime="20210801 01:25:58.125" endtime="20210801 01:26:02.667"></status>
</kw>
<kw name="Click Text" library="AppiumLibrary">
<doc>Click text identified by ``text``.</doc>
<arguments>
<arg>${CategoriesText}</arg>
</arguments>
<status status="PASS" starttime="20210801 01:26:02.668" endtime="20210801 01:26:03.315"></status>
</kw>
<kw name="Wait Until Page Contains" library="AppiumLibrary">
<doc>Waits until `text` appears on current page.</doc>
<arguments>
<arg>${BookAndMagazineText}</arg>
</arguments>
<status status="PASS" starttime="20210801 01:26:03.316" endtime="20210801 01:26:03.927"></status>
</kw>
<kw name="Click Text" library="AppiumLibrary">
<doc>Click text identified by ``text``.</doc>
<arguments>
<arg>${ChildrensBooks}</arg>
</arguments>
<status status="PASS" starttime="20210801 01:26:03.927" endtime="20210801 01:26:05.104"></status>
</kw>
<kw name="Wait Until Page Contains" library="AppiumLibrary">
<doc>Waits until `text` appears on current page.</doc>
<arguments>
<arg>${SortbyText}</arg>
</arguments>
<status status="PASS" starttime="20210801 01:26:05.104" endtime="20210801 01:26:07.129"></status>
</kw>
<kw name="Scroll To Contains">
<arguments>
<arg>${AddtoCartText}</arg>
<arg>down</arg>
</arguments>
<kw name="Run Keyword And Ignore Error" library="BuiltIn">
<doc>Runs the given keyword with the given arguments and ignores possible error.</doc>
<arguments>
<arg>Kw Wait Until Contains</arg>
<arg>${contains}</arg>
<arg>1s</arg>
</arguments>
<assign>
<var>${visibleElement}</var>
<var>${aa}</var>
</assign>
<kw name="Kw Wait Until Contains">
<arguments>
<arg>${contains}</arg>
<arg>1s</arg>
</arguments>
<kw name="Wait Until Page Contains" library="AppiumLibrary">
<doc>Waits until `text` appears on current page.</doc>
<arguments>
<arg>${contains}</arg>
<arg>timeout=${timeout}</arg>
</arguments>
<kw name="Capture Page Screenshot" library="AppiumLibrary">
<doc>Takes a screenshot of the current page and embeds it into the log.</doc>
<msg timestamp="20210801 01:26:09.054" level="INFO" html="yes">&lt;/td&gt;&lt;/tr&gt;&lt;tr&gt;&lt;td colspan="3"&gt;&lt;a href="appium-screenshot-4.png"&gt;&lt;img src="appium-screenshot-4.png" width="800px"&gt;&lt;/a&gt;</msg>
<status status="PASS" starttime="20210801 01:26:08.176" endtime="20210801 01:26:09.054"></status>
</kw>
<msg timestamp="20210801 01:26:09.055" level="FAIL">Text 'SEPETE EKLE' did not appear in 1 second</msg>
<status status="FAIL" starttime="20210801 01:26:07.137" endtime="20210801 01:26:09.055"></status>
</kw>
<status status="FAIL" starttime="20210801 01:26:07.136" endtime="20210801 01:26:09.055"></status>
</kw>
<msg timestamp="20210801 01:26:09.055" level="INFO">${visibleElement} = FAIL</msg>
<msg timestamp="20210801 01:26:09.055" level="INFO">${aa} = Text 'SEPETE EKLE' did not appear in 1 second</msg>
<status status="PASS" starttime="20210801 01:26:07.135" endtime="20210801 01:26:09.056"></status>
</kw>
<kw name="Run Keyword If" library="BuiltIn">
<doc>Runs the given keyword with the given arguments, if ``condition`` is true.</doc>
<arguments>
<arg>"${visibleElement}" == "FAIL"</arg>
<arg>Loop Scroll Contains</arg>
<arg>${contains}</arg>
<arg>${direction}</arg>
</arguments>
<kw name="Loop Scroll Contains">
<arguments>
<arg>${contains}</arg>
<arg>${direction}</arg>
</arguments>
<kw name="${i} IN RANGE [ 5 ]" type="for">
<kw name="${i} = 0" type="foritem">
<kw name="Run Keyword If" library="BuiltIn">
<doc>Runs the given keyword with the given arguments, if ``condition`` is true.</doc>
<arguments>
<arg>"${direction}" == "down"</arg>
<arg>Scroll Down Big</arg>
</arguments>
<kw name="Scroll Down Big">
<kw name="Swipe By Percent" library="AppiumLibrary">
<doc>Swipe from one percent of the screen to another percent, for an optional duration.
Normal swipe fails to scale for different screen resolutions, this can be avoided using percent.</doc>
<arguments>
<arg>5</arg>
<arg>60</arg>
<arg>5</arg>
<arg>20</arg>
<arg>1000</arg>
</arguments>
<status status="PASS" starttime="20210801 01:26:09.058" endtime="20210801 01:26:10.413"></status>
</kw>
<status status="PASS" starttime="20210801 01:26:09.058" endtime="20210801 01:26:10.414"></status>
</kw>
<status status="PASS" starttime="20210801 01:26:09.057" endtime="20210801 01:26:10.414"></status>
</kw>
<kw name="Run Keyword If" library="BuiltIn">
<doc>Runs the given keyword with the given arguments, if ``condition`` is true.</doc>
<arguments>
<arg>"${direction}" == "up"</arg>
<arg>Up Scroll</arg>
</arguments>
<status status="PASS" starttime="20210801 01:26:10.415" endtime="20210801 01:26:10.417"></status>
</kw>
<kw name="Run Keyword And Ignore Error" library="BuiltIn">
<doc>Runs the given keyword with the given arguments and ignores possible error.</doc>
<arguments>
<arg>Kw Wait Until Contains</arg>
<arg>${contains}</arg>
<arg>1s</arg>
</arguments>
<assign>
<var>${visibleElement}</var>
<var>${aa}</var>
</assign>
<kw name="Kw Wait Until Contains">
<arguments>
<arg>${contains}</arg>
<arg>1s</arg>
</arguments>
<kw name="Wait Until Page Contains" library="AppiumLibrary">
<doc>Waits until `text` appears on current page.</doc>
<arguments>
<arg>${contains}</arg>
<arg>timeout=${timeout}</arg>
</arguments>
<kw name="Capture Page Screenshot" library="AppiumLibrary">
<doc>Takes a screenshot of the current page and embeds it into the log.</doc>
<msg timestamp="20210801 01:26:12.569" level="INFO" html="yes">&lt;/td&gt;&lt;/tr&gt;&lt;tr&gt;&lt;td colspan="3"&gt;&lt;a href="appium-screenshot-5.png"&gt;&lt;img src="appium-screenshot-5.png" width="800px"&gt;&lt;/a&gt;</msg>
<status status="PASS" starttime="20210801 01:26:11.569" endtime="20210801 01:26:12.569"></status>
</kw>
<msg timestamp="20210801 01:26:12.570" level="FAIL">Text 'SEPETE EKLE' did not appear in 1 second</msg>
<status status="FAIL" starttime="20210801 01:26:10.419" endtime="20210801 01:26:12.570"></status>
</kw>
<status status="FAIL" starttime="20210801 01:26:10.418" endtime="20210801 01:26:12.570"></status>
</kw>
<msg timestamp="20210801 01:26:12.570" level="INFO">${visibleElement} = FAIL</msg>
<msg timestamp="20210801 01:26:12.570" level="INFO">${aa} = Text 'SEPETE EKLE' did not appear in 1 second</msg>
<status status="PASS" starttime="20210801 01:26:10.418" endtime="20210801 01:26:12.570"></status>
</kw>
<kw name="Exit For Loop If" library="BuiltIn">
<doc>Stops executing the enclosing for loop if the ``condition`` is true.</doc>
<arguments>
<arg>"${visibleElement}" == "PASS"</arg>
</arguments>
<status status="PASS" starttime="20210801 01:26:12.571" endtime="20210801 01:26:12.574"></status>
</kw>
<status status="PASS" starttime="20210801 01:26:09.057" endtime="20210801 01:26:12.574"></status>
</kw>
<kw name="${i} = 1" type="foritem">
<kw name="Run Keyword If" library="BuiltIn">
<doc>Runs the given keyword with the given arguments, if ``condition`` is true.</doc>
<arguments>
<arg>"${direction}" == "down"</arg>
<arg>Scroll Down Big</arg>
</arguments>
<kw name="Scroll Down Big">
<kw name="Swipe By Percent" library="AppiumLibrary">
<doc>Swipe from one percent of the screen to another percent, for an optional duration.
Normal swipe fails to scale for different screen resolutions, this can be avoided using percent.</doc>
<arguments>
<arg>5</arg>
<arg>60</arg>
<arg>5</arg>
<arg>20</arg>
<arg>1000</arg>
</arguments>
<status status="PASS" starttime="20210801 01:26:12.575" endtime="20210801 01:26:13.954"></status>
</kw>
<status status="PASS" starttime="20210801 01:26:12.575" endtime="20210801 01:26:13.956"></status>
</kw>
<status status="PASS" starttime="20210801 01:26:12.575" endtime="20210801 01:26:13.956"></status>
</kw>
<kw name="Run Keyword If" library="BuiltIn">
<doc>Runs the given keyword with the given arguments, if ``condition`` is true.</doc>
<arguments>
<arg>"${direction}" == "up"</arg>
<arg>Up Scroll</arg>
</arguments>
<status status="PASS" starttime="20210801 01:26:13.957" endtime="20210801 01:26:13.958"></status>
</kw>
<kw name="Run Keyword And Ignore Error" library="BuiltIn">
<doc>Runs the given keyword with the given arguments and ignores possible error.</doc>
<arguments>
<arg>Kw Wait Until Contains</arg>
<arg>${contains}</arg>
<arg>1s</arg>
</arguments>
<assign>
<var>${visibleElement}</var>
<var>${aa}</var>
</assign>
<kw name="Kw Wait Until Contains">
<arguments>
<arg>${contains}</arg>
<arg>1s</arg>
</arguments>
<kw name="Wait Until Page Contains" library="AppiumLibrary">
<doc>Waits until `text` appears on current page.</doc>
<arguments>
<arg>${contains}</arg>
<arg>timeout=${timeout}</arg>
</arguments>
<kw name="Capture Page Screenshot" library="AppiumLibrary">
<doc>Takes a screenshot of the current page and embeds it into the log.</doc>
<msg timestamp="20210801 01:26:16.240" level="INFO" html="yes">&lt;/td&gt;&lt;/tr&gt;&lt;tr&gt;&lt;td colspan="3"&gt;&lt;a href="appium-screenshot-6.png"&gt;&lt;img src="appium-screenshot-6.png" width="800px"&gt;&lt;/a&gt;</msg>
<status status="PASS" starttime="20210801 01:26:15.192" endtime="20210801 01:26:16.240"></status>
</kw>
<msg timestamp="20210801 01:26:16.241" level="FAIL">Text 'SEPETE EKLE' did not appear in 1 second</msg>
<status status="FAIL" starttime="20210801 01:26:13.959" endtime="20210801 01:26:16.241"></status>
</kw>
<status status="FAIL" starttime="20210801 01:26:13.958" endtime="20210801 01:26:16.241"></status>
</kw>
<msg timestamp="20210801 01:26:16.241" level="INFO">${visibleElement} = FAIL</msg>
<msg timestamp="20210801 01:26:16.242" level="INFO">${aa} = Text 'SEPETE EKLE' did not appear in 1 second</msg>
<status status="PASS" starttime="20210801 01:26:13.958" endtime="20210801 01:26:16.242"></status>
</kw>
<kw name="Exit For Loop If" library="BuiltIn">
<doc>Stops executing the enclosing for loop if the ``condition`` is true.</doc>
<arguments>
<arg>"${visibleElement}" == "PASS"</arg>
</arguments>
<status status="PASS" starttime="20210801 01:26:16.242" endtime="20210801 01:26:16.243"></status>
</kw>
<status status="PASS" starttime="20210801 01:26:12.574" endtime="20210801 01:26:16.243"></status>
</kw>
<kw name="${i} = 2" type="foritem">
<kw name="Run Keyword If" library="BuiltIn">
<doc>Runs the given keyword with the given arguments, if ``condition`` is true.</doc>
<arguments>
<arg>"${direction}" == "down"</arg>
<arg>Scroll Down Big</arg>
</arguments>
<kw name="Scroll Down Big">
<kw name="Swipe By Percent" library="AppiumLibrary">
<doc>Swipe from one percent of the screen to another percent, for an optional duration.
Normal swipe fails to scale for different screen resolutions, this can be avoided using percent.</doc>
<arguments>
<arg>5</arg>
<arg>60</arg>
<arg>5</arg>
<arg>20</arg>
<arg>1000</arg>
</arguments>
<status status="PASS" starttime="20210801 01:26:16.245" endtime="20210801 01:26:17.605"></status>
</kw>
<status status="PASS" starttime="20210801 01:26:16.244" endtime="20210801 01:26:17.605"></status>
</kw>
<status status="PASS" starttime="20210801 01:26:16.244" endtime="20210801 01:26:17.606"></status>
</kw>
<kw name="Run Keyword If" library="BuiltIn">
<doc>Runs the given keyword with the given arguments, if ``condition`` is true.</doc>
<arguments>
<arg>"${direction}" == "up"</arg>
<arg>Up Scroll</arg>
</arguments>
<status status="PASS" starttime="20210801 01:26:17.606" endtime="20210801 01:26:17.608"></status>
</kw>
<kw name="Run Keyword And Ignore Error" library="BuiltIn">
<doc>Runs the given keyword with the given arguments and ignores possible error.</doc>
<arguments>
<arg>Kw Wait Until Contains</arg>
<arg>${contains}</arg>
<arg>1s</arg>
</arguments>
<assign>
<var>${visibleElement}</var>
<var>${aa}</var>
</assign>
<kw name="Kw Wait Until Contains">
<arguments>
<arg>${contains}</arg>
<arg>1s</arg>
</arguments>
<kw name="Wait Until Page Contains" library="AppiumLibrary">
<doc>Waits until `text` appears on current page.</doc>
<arguments>
<arg>${contains}</arg>
<arg>timeout=${timeout}</arg>
</arguments>
<kw name="Capture Page Screenshot" library="AppiumLibrary">
<doc>Takes a screenshot of the current page and embeds it into the log.</doc>
<msg timestamp="20210801 01:26:19.709" level="INFO" html="yes">&lt;/td&gt;&lt;/tr&gt;&lt;tr&gt;&lt;td colspan="3"&gt;&lt;a href="appium-screenshot-7.png"&gt;&lt;img src="appium-screenshot-7.png" width="800px"&gt;&lt;/a&gt;</msg>
<status status="PASS" starttime="20210801 01:26:18.677" endtime="20210801 01:26:19.709"></status>
</kw>
<msg timestamp="20210801 01:26:19.710" level="FAIL">Text 'SEPETE EKLE' did not appear in 1 second</msg>
<status status="FAIL" starttime="20210801 01:26:17.610" endtime="20210801 01:26:19.710"></status>
</kw>
<status status="FAIL" starttime="20210801 01:26:17.609" endtime="20210801 01:26:19.710"></status>
</kw>
<msg timestamp="20210801 01:26:19.711" level="INFO">${visibleElement} = FAIL</msg>
<msg timestamp="20210801 01:26:19.711" level="INFO">${aa} = Text 'SEPETE EKLE' did not appear in 1 second</msg>
<status status="PASS" starttime="20210801 01:26:17.608" endtime="20210801 01:26:19.711"></status>
</kw>
<kw name="Exit For Loop If" library="BuiltIn">
<doc>Stops executing the enclosing for loop if the ``condition`` is true.</doc>
<arguments>
<arg>"${visibleElement}" == "PASS"</arg>
</arguments>
<status status="PASS" starttime="20210801 01:26:19.711" endtime="20210801 01:26:19.712"></status>
</kw>
<status status="PASS" starttime="20210801 01:26:16.244" endtime="20210801 01:26:19.712"></status>
</kw>
<kw name="${i} = 3" type="foritem">
<kw name="Run Keyword If" library="BuiltIn">
<doc>Runs the given keyword with the given arguments, if ``condition`` is true.</doc>
<arguments>
<arg>"${direction}" == "down"</arg>
<arg>Scroll Down Big</arg>
</arguments>
<kw name="Scroll Down Big">
<kw name="Swipe By Percent" library="AppiumLibrary">
<doc>Swipe from one percent of the screen to another percent, for an optional duration.
Normal swipe fails to scale for different screen resolutions, this can be avoided using percent.</doc>
<arguments>
<arg>5</arg>
<arg>60</arg>
<arg>5</arg>
<arg>20</arg>
<arg>1000</arg>
</arguments>
<status status="PASS" starttime="20210801 01:26:19.714" endtime="20210801 01:26:21.126"></status>
</kw>
<status status="PASS" starttime="20210801 01:26:19.713" endtime="20210801 01:26:21.127"></status>
</kw>
<status status="PASS" starttime="20210801 01:26:19.713" endtime="20210801 01:26:21.127"></status>
</kw>
<kw name="Run Keyword If" library="BuiltIn">
<doc>Runs the given keyword with the given arguments, if ``condition`` is true.</doc>
<arguments>
<arg>"${direction}" == "up"</arg>
<arg>Up Scroll</arg>
</arguments>
<status status="PASS" starttime="20210801 01:26:21.127" endtime="20210801 01:26:21.128"></status>
</kw>
<kw name="Run Keyword And Ignore Error" library="BuiltIn">
<doc>Runs the given keyword with the given arguments and ignores possible error.</doc>
<arguments>
<arg>Kw Wait Until Contains</arg>
<arg>${contains}</arg>
<arg>1s</arg>
</arguments>
<assign>
<var>${visibleElement}</var>
<var>${aa}</var>
</assign>
<kw name="Kw Wait Until Contains">
<arguments>
<arg>${contains}</arg>
<arg>1s</arg>
</arguments>
<kw name="Wait Until Page Contains" library="AppiumLibrary">
<doc>Waits until `text` appears on current page.</doc>
<arguments>
<arg>${contains}</arg>
<arg>timeout=${timeout}</arg>
</arguments>
<status status="PASS" starttime="20210801 01:26:21.130" endtime="20210801 01:26:21.619"></status>
</kw>
<status status="PASS" starttime="20210801 01:26:21.129" endtime="20210801 01:26:21.620"></status>
</kw>
<msg timestamp="20210801 01:26:21.620" level="INFO">${visibleElement} = PASS</msg>
<msg timestamp="20210801 01:26:21.620" level="INFO">${aa} = test</msg>
<status status="PASS" starttime="20210801 01:26:21.128" endtime="20210801 01:26:21.620"></status>
</kw>
<kw name="Exit For Loop If" library="BuiltIn">
<doc>Stops executing the enclosing for loop if the ``condition`` is true.</doc>
<arguments>
<arg>"${visibleElement}" == "PASS"</arg>
</arguments>
<msg timestamp="20210801 01:26:21.621" level="INFO">Exiting for loop altogether.</msg>
<status status="PASS" starttime="20210801 01:26:21.621" endtime="20210801 01:26:21.621"></status>
</kw>
<status status="PASS" starttime="20210801 01:26:19.713" endtime="20210801 01:26:21.621"></status>
</kw>
<status status="PASS" starttime="20210801 01:26:09.057" endtime="20210801 01:26:21.622"></status>
</kw>
<status status="PASS" starttime="20210801 01:26:09.056" endtime="20210801 01:26:21.622"></status>
</kw>
<status status="PASS" starttime="20210801 01:26:09.056" endtime="20210801 01:26:21.622"></status>
</kw>
<status status="PASS" starttime="20210801 01:26:07.130" endtime="20210801 01:26:21.622"></status>
</kw>
<kw name="Click Text" library="AppiumLibrary">
<doc>Click text identified by ``text``.</doc>
<arguments>
<arg>${AddtoCartText}</arg>
</arguments>
<status status="PASS" starttime="20210801 01:26:21.623" endtime="20210801 01:26:22.375"></status>
</kw>
<kw name="Wait Until Page Does Not Contain" library="AppiumLibrary">
<doc>Waits until `text` disappears from current page.</doc>
<arguments>
<arg>${TheProductHasBeenSuccessfullyAddedtoTheCartText}</arg>
</arguments>
<status status="PASS" starttime="20210801 01:26:22.375" endtime="20210801 01:26:26.641"></status>
</kw>
<kw name="Click Text" library="AppiumLibrary">
<doc>Click text identified by ``text``.</doc>
<arguments>
<arg>${CategoriesText}</arg>
</arguments>
<status status="PASS" starttime="20210801 01:26:26.641" endtime="20210801 01:26:27.359"></status>
</kw>
<kw name="Wait Until Page Contains" library="AppiumLibrary">
<doc>Waits until `text` appears on current page.</doc>
<arguments>
<arg>${SpecialForYouText}</arg>
</arguments>
<status status="PASS" starttime="20210801 01:26:27.360" endtime="20210801 01:26:27.944"></status>
</kw>
<kw name="Click Text" library="AppiumLibrary">
<doc>Click text identified by ``text``.</doc>
<arguments>
<arg>${BasketText}</arg>
</arguments>
<status status="PASS" starttime="20210801 01:26:27.944" endtime="20210801 01:26:29.231"></status>
</kw>
<kw name="Wait Until Page Contains" library="AppiumLibrary">
<doc>Waits until `text` appears on current page.</doc>
<arguments>
<arg>${CheckoutText}</arg>
</arguments>
<status status="PASS" starttime="20210801 01:26:29.231" endtime="20210801 01:26:35.407"></status>
</kw>
<kw name="Close the application" library="base">
<kw name="Close the application" library="connection">
<kw name="Capture Page Screenshot" library="AppiumLibrary">
<doc>Takes a screenshot of the current page and embeds it into the log.</doc>
<msg timestamp="20210801 01:26:35.945" level="INFO" html="yes">&lt;/td&gt;&lt;/tr&gt;&lt;tr&gt;&lt;td colspan="3"&gt;&lt;a href="appium-screenshot-8.png"&gt;&lt;img src="appium-screenshot-8.png" width="800px"&gt;&lt;/a&gt;</msg>
<status status="PASS" starttime="20210801 01:26:35.410" endtime="20210801 01:26:35.945"></status>
</kw>
<kw name="Close Application" library="AppiumLibrary">
<doc>Closes the current application and also close webdriver session.</doc>
<status status="PASS" starttime="20210801 01:26:35.946" endtime="20210801 01:26:36.398"></status>
</kw>
<status status="PASS" starttime="20210801 01:26:35.409" endtime="20210801 01:26:36.398"></status>
</kw>
<status status="PASS" starttime="20210801 01:26:35.408" endtime="20210801 01:26:36.399"></status>
</kw>
<kw name="Screenshot" library="base" type="teardown">
<kw name="Run Keyword And Ignore Error" library="BuiltIn">
<doc>Runs the given keyword with the given arguments and ignores possible error.</doc>
<arguments>
<arg>connection.Screenshot</arg>
</arguments>
<kw name="Screenshot" library="connection">
<kw name="Capture Page Screenshot" library="AppiumLibrary">
<doc>Takes a screenshot of the current page and embeds it into the log.</doc>
<kw name="Capture Page Screenshot" library="AppiumLibrary">
<doc>Takes a screenshot of the current page and embeds it into the log.</doc>
<msg timestamp="20210801 01:26:36.401" level="FAIL">No application is open</msg>
<status status="FAIL" starttime="20210801 01:26:36.400" endtime="20210801 01:26:36.401"></status>
</kw>
<msg timestamp="20210801 01:26:36.402" level="WARN">Keyword 'Capture Page Screenshot' could not be run on failure: No application is open</msg>
<msg timestamp="20210801 01:26:36.403" level="FAIL">No application is open</msg>
<status status="FAIL" starttime="20210801 01:26:36.400" endtime="20210801 01:26:36.403"></status>
</kw>
<status status="FAIL" starttime="20210801 01:26:36.399" endtime="20210801 01:26:36.403"></status>
</kw>
<status status="PASS" starttime="20210801 01:26:36.399" endtime="20210801 01:26:36.403"></status>
</kw>
<status status="PASS" starttime="20210801 01:26:36.399" endtime="20210801 01:26:36.403"></status>
</kw>
<tags>
<tag>Sepete Ekleme İşlemi</tag>
</tags>
<status status="PASS" starttime="20210801 01:25:26.607" endtime="20210801 01:26:36.403" critical="yes"></status>
</test>
<status status="PASS" starttime="20210801 01:25:26.503" endtime="20210801 01:26:36.404"></status>
</suite>
<status status="PASS" starttime="20210801 01:25:26.502" endtime="20210801 01:26:36.405"></status>
</suite>
<status status="PASS" starttime="20210801 01:25:26.488" endtime="20210801 01:26:36.406"></status>
</suite>
<statistics>
<total>
<stat pass="1" fail="0">Critical Tests</stat>
<stat pass="1" fail="0">All Tests</stat>
</total>
<tag>
<stat pass="1" fail="0">Sepete Ekleme İşlemi</stat>
</tag>
<suite>
<stat pass="1" fail="0" id="s1" name="Hepsiburada">Hepsiburada</stat>
<stat pass="1" fail="0" id="s1-s1" name="Test">Hepsiburada.Test</stat>
<stat pass="1" fail="0" id="s1-s1-s1" name="Tc1">Hepsiburada.Test.Tc1</stat>
</suite>
</statistics>
<errors>
<msg timestamp="20210801 01:26:36.402" level="WARN">Keyword 'Capture Page Screenshot' could not be run on failure: No application is open</msg>
</errors>
</robot>
